<?xml version="1.0" encoding="UTF-8"?>
<testng-results skipped="0" failed="1" ignored="0" total="5" passed="4">
  <reporter-output>
  </reporter-output>
  <suite name="Suite" duration-ms="37925" started-at="2021-09-29T23:54:42 IST" finished-at="2021-09-29T23:55:20 IST">
    <groups>
    </groups>
    <test name="Test" duration-ms="37925" started-at="2021-09-29T23:54:42 IST" finished-at="2021-09-29T23:55:20 IST">
      <class name="com.demowebshop.testscripts.LoginTest">
        <test-method status="PASS" signature="setUp()[pri:0, instance:com.demowebshop.testscripts.LoginTest@87f383f]" name="setUp" is-config="true" duration-ms="8032" started-at="2021-09-29T23:54:47 IST" finished-at="2021-09-29T23:54:55 IST">
          <reporter-output>
          </reporter-output>
        </test-method> <!-- setUp -->
        <test-method status="PASS" signature="verifyLoginPageTitle()[pri:1, instance:com.demowebshop.testscripts.LoginTest@87f383f]" name="verifyLoginPageTitle" duration-ms="464" started-at="2021-09-29T23:54:55 IST" finished-at="2021-09-29T23:54:56 IST">
          <reporter-output>
          </reporter-output>
        </test-method> <!-- verifyLoginPageTitle -->
        <test-method status="PASS" signature="tearDown(org.testng.ITestResult)[pri:0, instance:com.demowebshop.testscripts.LoginTest@87f383f]" name="tearDown" is-config="true" duration-ms="67" started-at="2021-09-29T23:54:56 IST" finished-at="2021-09-29T23:54:56 IST">
          <params>
            <param index="0">
              <value>
                <![CDATA[[TestResult name=verifyLoginPageTitle status=SUCCESS method=LoginTest.verifyLoginPageTitle()[pri:1, instance:com.demowebshop.testscripts.LoginTest@87f383f] output={null}]]]>
              </value>
            </param>
          </params>
          <reporter-output>
          </reporter-output>
        </test-method> <!-- tearDown -->
        <test-method status="PASS" signature="setUp()[pri:0, instance:com.demowebshop.testscripts.LoginTest@87f383f]" name="setUp" is-config="true" duration-ms="7876" started-at="2021-09-29T23:54:56 IST" finished-at="2021-09-29T23:55:03 IST">
          <reporter-output>
          </reporter-output>
        </test-method> <!-- setUp -->
        <test-method status="PASS" signature="verifyValidUserLogin()[pri:2, instance:com.demowebshop.testscripts.LoginTest@87f383f]" name="verifyValidUserLogin" duration-ms="1842" started-at="2021-09-29T23:55:03 IST" finished-at="2021-09-29T23:55:05 IST">
          <reporter-output>
          </reporter-output>
        </test-method> <!-- verifyValidUserLogin -->
        <test-method status="PASS" signature="tearDown(org.testng.ITestResult)[pri:0, instance:com.demowebshop.testscripts.LoginTest@87f383f]" name="tearDown" is-config="true" duration-ms="60" started-at="2021-09-29T23:55:05 IST" finished-at="2021-09-29T23:55:05 IST">
          <params>
            <param index="0">
              <value>
                <![CDATA[[TestResult name=verifyValidUserLogin status=SUCCESS method=LoginTest.verifyValidUserLogin()[pri:2, instance:com.demowebshop.testscripts.LoginTest@87f383f] output={null}]]]>
              </value>
            </param>
          </params>
          <reporter-output>
          </reporter-output>
        </test-method> <!-- tearDown -->
      </class> <!-- com.demowebshop.testscripts.LoginTest -->
      <class name="com.demowebshop.testscripts.RegisterTest">
        <test-method status="PASS" signature="setUp()[pri:0, instance:com.demowebshop.testscripts.RegisterTest@4eb7f003]" name="setUp" is-config="true" duration-ms="8193" started-at="2021-09-29T23:55:05 IST" finished-at="2021-09-29T23:55:14 IST">
          <reporter-output>
          </reporter-output>
        </test-method> <!-- setUp -->
        <test-method status="PASS" signature="verifyRegisterPageTitle()[pri:1, instance:com.demowebshop.testscripts.RegisterTest@4eb7f003]" name="verifyRegisterPageTitle" duration-ms="525" started-at="2021-09-29T23:55:14 IST" finished-at="2021-09-29T23:55:14 IST">
          <reporter-output>
          </reporter-output>
        </test-method> <!-- verifyRegisterPageTitle -->
        <test-method status="PASS" signature="tearDown(org.testng.ITestResult)[pri:0, instance:com.demowebshop.testscripts.RegisterTest@4eb7f003]" name="tearDown" is-config="true" duration-ms="73" started-at="2021-09-29T23:55:14 IST" finished-at="2021-09-29T23:55:14 IST">
          <params>
            <param index="0">
              <value>
                <![CDATA[[TestResult name=verifyRegisterPageTitle status=SUCCESS method=RegisterTest.verifyRegisterPageTitle()[pri:1, instance:com.demowebshop.testscripts.RegisterTest@4eb7f003] output={null}]]]>
              </value>
            </param>
          </params>
          <reporter-output>
          </reporter-output>
        </test-method> <!-- tearDown -->
        <test-method status="PASS" signature="setUp()[pri:0, instance:com.demowebshop.testscripts.RegisterTest@4eb7f003]" name="setUp" is-config="true" duration-ms="3867" started-at="2021-09-29T23:55:14 IST" finished-at="2021-09-29T23:55:18 IST">
          <reporter-output>
          </reporter-output>
        </test-method> <!-- setUp -->
        <test-method status="FAIL" signature="verifyValidRegistration()[pri:2, instance:com.demowebshop.testscripts.RegisterTest@4eb7f003]" name="verifyValidRegistration" duration-ms="1540" started-at="2021-09-29T23:55:18 IST" finished-at="2021-09-29T23:55:20 IST">
          <exception class="org.openqa.selenium.NoSuchElementException">
            <message>
              <![CDATA[no such element: Unable to locate element: {"method":"xpath","selector":"//div[@class="header-links"]//a[@class="account"]"}
  (Session info: chrome=93.0.4577.82)
For documentation on this error, please visit: https://www.seleniumhq.org/exceptions/no_such_element.html
Build info: version: '3.141.59', revision: 'e82be7d358', time: '2018-11-14T08:17:03'
System info: host: 'DESKTOP-FR326FK', ip: '192.168.0.9', os.name: 'Windows 10', os.arch: 'amd64', os.version: '10.0', java.version: '1.8.0_301'
Driver info: org.openqa.selenium.chrome.ChromeDriver
Capabilities {acceptInsecureCerts: false, browserName: chrome, browserVersion: 93.0.4577.82, chrome: {chromedriverVersion: 93.0.4577.63 (ff5c0da2ec0ad..., userDataDir: C:\Users\manua\AppData\Loca...}, goog:chromeOptions: {debuggerAddress: localhost:53345}, javascriptEnabled: true, networkConnectionEnabled: false, pageLoadStrategy: normal, platform: WINDOWS, platformName: WINDOWS, proxy: Proxy(), setWindowRect: true, strictFileInteractability: false, timeouts: {implicit: 0, pageLoad: 300000, script: 30000}, unhandledPromptBehavior: dismiss and notify, webauthn:extension:credBlob: true, webauthn:extension:largeBlob: true, webauthn:virtualAuthenticators: true}
Session ID: 56fa6d007bbfdd19ae338cb5852e9e60
*** Element info: {Using=xpath, value=//div[@class="header-links"]//a[@class="account"]}]]>
            </message>
            <full-stacktrace>
              <![CDATA[org.openqa.selenium.NoSuchElementException: no such element: Unable to locate element: {"method":"xpath","selector":"//div[@class="header-links"]//a[@class="account"]"}
  (Session info: chrome=93.0.4577.82)
For documentation on this error, please visit: https://www.seleniumhq.org/exceptions/no_such_element.html
Build info: version: '3.141.59', revision: 'e82be7d358', time: '2018-11-14T08:17:03'
System info: host: 'DESKTOP-FR326FK', ip: '192.168.0.9', os.name: 'Windows 10', os.arch: 'amd64', os.version: '10.0', java.version: '1.8.0_301'
Driver info: org.openqa.selenium.chrome.ChromeDriver
Capabilities {acceptInsecureCerts: false, browserName: chrome, browserVersion: 93.0.4577.82, chrome: {chromedriverVersion: 93.0.4577.63 (ff5c0da2ec0ad..., userDataDir: C:\Users\manua\AppData\Loca...}, goog:chromeOptions: {debuggerAddress: localhost:53345}, javascriptEnabled: true, networkConnectionEnabled: false, pageLoadStrategy: normal, platform: WINDOWS, platformName: WINDOWS, proxy: Proxy(), setWindowRect: true, strictFileInteractability: false, timeouts: {implicit: 0, pageLoad: 300000, script: 30000}, unhandledPromptBehavior: dismiss and notify, webauthn:extension:credBlob: true, webauthn:extension:largeBlob: true, webauthn:virtualAuthenticators: true}
Session ID: 56fa6d007bbfdd19ae338cb5852e9e60
*** Element info: {Using=xpath, value=//div[@class="header-links"]//a[@class="account"]}
at sun.reflect.NativeConstructorAccessorImpl.newInstance0(Native Method)
at sun.reflect.NativeConstructorAccessorImpl.newInstance(NativeConstructorAccessorImpl.java:62)
at sun.reflect.DelegatingConstructorAccessorImpl.newInstance(DelegatingConstructorAccessorImpl.java:45)
at java.lang.reflect.Constructor.newInstance(Constructor.java:423)
at org.openqa.selenium.remote.http.W3CHttpResponseCodec.createException(W3CHttpResponseCodec.java:187)
at org.openqa.selenium.remote.http.W3CHttpResponseCodec.decode(W3CHttpResponseCodec.java:122)
at org.openqa.selenium.remote.http.W3CHttpResponseCodec.decode(W3CHttpResponseCodec.java:49)
at org.openqa.selenium.remote.HttpCommandExecutor.execute(HttpCommandExecutor.java:158)
at org.openqa.selenium.remote.service.DriverCommandExecutor.execute(DriverCommandExecutor.java:83)
at org.openqa.selenium.remote.RemoteWebDriver.execute(RemoteWebDriver.java:552)
at org.openqa.selenium.remote.RemoteWebDriver.findElement(RemoteWebDriver.java:323)
at org.openqa.selenium.remote.RemoteWebDriver.findElementByXPath(RemoteWebDriver.java:428)
at org.openqa.selenium.By$ByXPath.findElement(By.java:353)
at org.openqa.selenium.remote.RemoteWebDriver.findElement(RemoteWebDriver.java:315)
at org.openqa.selenium.support.pagefactory.DefaultElementLocator.findElement(DefaultElementLocator.java:69)
at org.openqa.selenium.support.pagefactory.internal.LocatingElementHandler.invoke(LocatingElementHandler.java:38)
at com.sun.proxy.$Proxy9.getText(Unknown Source)
at com.demowebshop.utilities.PageUtility.getElementText(PageUtility.java:17)
at com.demowebshop.pages.UserAccountPage.getUsername(UserAccountPage.java:22)
at com.demowebshop.testscripts.RegisterTest.verifyValidRegistration(RegisterTest.java:36)
at sun.reflect.NativeMethodAccessorImpl.invoke0(Native Method)
at sun.reflect.NativeMethodAccessorImpl.invoke(NativeMethodAccessorImpl.java:62)
at sun.reflect.DelegatingMethodAccessorImpl.invoke(DelegatingMethodAccessorImpl.java:43)
at java.lang.reflect.Method.invoke(Method.java:498)
at org.testng.internal.MethodInvocationHelper.invokeMethod(MethodInvocationHelper.java:133)
at org.testng.internal.TestInvoker.invokeMethod(TestInvoker.java:598)
at org.testng.internal.TestInvoker.invokeTestMethod(TestInvoker.java:173)
at org.testng.internal.MethodRunner.runInSequence(MethodRunner.java:46)
at org.testng.internal.TestInvoker$MethodInvocationAgent.invoke(TestInvoker.java:824)
at org.testng.internal.TestInvoker.invokeTestMethods(TestInvoker.java:146)
at org.testng.internal.TestMethodWorker.invokeTestMethods(TestMethodWorker.java:146)
at org.testng.internal.TestMethodWorker.run(TestMethodWorker.java:128)
at java.util.ArrayList.forEach(ArrayList.java:1259)
at org.testng.TestRunner.privateRun(TestRunner.java:794)
at org.testng.TestRunner.run(TestRunner.java:596)
at org.testng.SuiteRunner.runTest(SuiteRunner.java:377)
at org.testng.SuiteRunner.runSequentially(SuiteRunner.java:371)
at org.testng.SuiteRunner.privateRun(SuiteRunner.java:332)
at org.testng.SuiteRunner.run(SuiteRunner.java:276)
at org.testng.SuiteRunnerWorker.runSuite(SuiteRunnerWorker.java:53)
at org.testng.SuiteRunnerWorker.run(SuiteRunnerWorker.java:96)
at org.testng.TestNG.runSuitesSequentially(TestNG.java:1212)
at org.testng.TestNG.runSuitesLocally(TestNG.java:1134)
at org.testng.TestNG.runSuites(TestNG.java:1063)
at org.testng.TestNG.run(TestNG.java:1031)
at org.testng.remote.AbstractRemoteTestNG.run(AbstractRemoteTestNG.java:115)
at org.testng.remote.RemoteTestNG.initAndRun(RemoteTestNG.java:251)
at org.testng.remote.RemoteTestNG.main(RemoteTestNG.java:77)
]]>
            </full-stacktrace>
          </exception> <!-- org.openqa.selenium.NoSuchElementException -->
          <reporter-output>
          </reporter-output>
        </test-method> <!-- verifyValidRegistration -->
        <test-method status="PASS" signature="tearDown(org.testng.ITestResult)[pri:0, instance:com.demowebshop.testscripts.RegisterTest@4eb7f003]" name="tearDown" is-config="true" duration-ms="228" started-at="2021-09-29T23:55:20 IST" finished-at="2021-09-29T23:55:20 IST">
          <params>
            <param index="0">
              <value>
                <![CDATA[[TestResult name=verifyValidRegistration status=FAILURE method=RegisterTest.verifyValidRegistration()[pri:2, instance:com.demowebshop.testscripts.RegisterTest@4eb7f003] output={null}]]]>
              </value>
            </param>
          </params>
          <reporter-output>
          </reporter-output>
        </test-method> <!-- tearDown -->
      </class> <!-- com.demowebshop.testscripts.RegisterTest -->
      <class name="com.demowebshop.testscripts.HomeTest">
        <test-method status="PASS" signature="setUp()[pri:0, instance:com.demowebshop.testscripts.HomeTest@3e57cd70]" name="setUp" is-config="true" duration-ms="4918" started-at="2021-09-29T23:54:42 IST" finished-at="2021-09-29T23:54:47 IST">
          <reporter-output>
          </reporter-output>
        </test-method> <!-- setUp -->
        <test-method status="PASS" signature="verifyHomePageTitle()[pri:1, instance:com.demowebshop.testscripts.HomeTest@3e57cd70]" name="verifyHomePageTitle" duration-ms="79" started-at="2021-09-29T23:54:47 IST" finished-at="2021-09-29T23:54:47 IST">
          <reporter-output>
          </reporter-output>
        </test-method> <!-- verifyHomePageTitle -->
        <test-method status="PASS" signature="tearDown(org.testng.ITestResult)[pri:0, instance:com.demowebshop.testscripts.HomeTest@3e57cd70]" name="tearDown" is-config="true" duration-ms="98" started-at="2021-09-29T23:54:47 IST" finished-at="2021-09-29T23:54:47 IST">
          <params>
            <param index="0">
              <value>
                <![CDATA[[TestResult name=verifyHomePageTitle status=SUCCESS method=HomeTest.verifyHomePageTitle()[pri:1, instance:com.demowebshop.testscripts.HomeTest@3e57cd70] output={null}]]]>
              </value>
            </param>
          </params>
          <reporter-output>
          </reporter-output>
        </test-method> <!-- tearDown -->
      </class> <!-- com.demowebshop.testscripts.HomeTest -->
    </test> <!-- Test -->
  </suite> <!-- Suite -->
</testng-results>
